This file contains any messages produced by compilers while
running configure, to aid debugging if configure makes a mistake.

It was created by sqlite configure 3.7.2, which was
generated by GNU Autoconf 2.62.  Invocation command line was

  $ ./configure 

## --------- ##
## Platform. ##
## --------- ##

hostname = vito-IdeaPad-L340-15IRH-Gaming
uname -m = x86_64
uname -r = 5.13.0-39-generic
uname -s = Linux
uname -v = #44~20.04.1-Ubuntu SMP Thu Mar 24 16:43:35 UTC 2022

/usr/bin/uname -p = x86_64
/bin/uname -X     = unknown

/bin/arch              = x86_64
/usr/bin/arch -k       = unknown
/usr/convex/getsysinfo = unknown
/usr/bin/hostinfo      = unknown
/bin/machine           = unknown
/usr/bin/oslevel       = unknown
/bin/universe          = unknown

PATH: /usr/local/sbin
PATH: /usr/local/bin
PATH: /usr/sbin
PATH: /usr/bin
PATH: /sbin
PATH: /bin
PATH: /usr/games
PATH: /usr/local/games
PATH: /snap/bin


## ----------- ##
## Core tests. ##
## ----------- ##

configure:2082: checking for a BSD-compatible install
configure:2150: result: /usr/bin/install -c
configure:2161: checking whether build environment is sane
configure:2204: result: yes
configure:2266: checking for gawk
configure:2296: result: no
configure:2266: checking for mawk
configure:2282: found /usr/bin/mawk
configure:2293: result: mawk
configure:2304: checking whether make sets $(MAKE)
configure:2326: result: yes
configure:2523: checking for style of include used by make
configure:2551: result: GNU
configure:2624: checking for gcc
configure:2640: found /usr/bin/gcc
configure:2651: result: gcc
configure:2889: checking for C compiler version
configure:2897: gcc --version >&5
gcc (Ubuntu 9.4.0-1ubuntu1~20.04.1) 9.4.0
Copyright (C) 2019 Free Software Foundation, Inc.
This is free software; see the source for copying conditions.  There is NO
warranty; not even for MERCHANTABILITY or FITNESS FOR A PARTICULAR PURPOSE.

configure:2901: $? = 0
configure:2908: gcc -v >&5
Using built-in specs.
COLLECT_GCC=gcc
COLLECT_LTO_WRAPPER=/usr/lib/gcc/x86_64-linux-gnu/9/lto-wrapper
OFFLOAD_TARGET_NAMES=nvptx-none:hsa
OFFLOAD_TARGET_DEFAULT=1
Target: x86_64-linux-gnu
Configured with: ../src/configure -v --with-pkgversion='Ubuntu 9.4.0-1ubuntu1~20.04.1' --with-bugurl=file:///usr/share/doc/gcc-9/README.Bugs --enable-languages=c,ada,c++,go,brig,d,fortran,objc,obj-c++,gm2 --prefix=/usr --with-gcc-major-version-only --program-suffix=-9 --program-prefix=x86_64-linux-gnu- --enable-shared --enable-linker-build-id --libexecdir=/usr/lib --without-included-gettext --enable-threads=posix --libdir=/usr/lib --enable-nls --enable-clocale=gnu --enable-libstdcxx-debug --enable-libstdcxx-time=yes --with-default-libstdcxx-abi=new --enable-gnu-unique-object --disable-vtable-verify --enable-plugin --enable-default-pie --with-system-zlib --with-target-system-zlib=auto --enable-objc-gc=auto --enable-multiarch --disable-werror --with-arch-32=i686 --with-abi=m64 --with-multilib-list=m32,m64,mx32 --enable-multilib --with-tune=generic --enable-offload-targets=nvptx-none=/build/gcc-9-Av3uEd/gcc-9-9.4.0/debian/tmp-nvptx/usr,hsa --without-cuda-driver --enable-checking=release --build=x86_64-linux-gnu --host=x86_64-linux-gnu --target=x86_64-linux-gnu
Thread model: posix
gcc version 9.4.0 (Ubuntu 9.4.0-1ubuntu1~20.04.1) 
configure:2912: $? = 0
configure:2919: gcc -V >&5
gcc: error: unrecognized command line option '-V'
gcc: fatal error: no input files
compilation terminated.
configure:2923: $? = 1
configure:2946: checking for C compiler default output file name
configure:2968: gcc    conftest.c  >&5
configure:2972: $? = 0
configure:3010: result: a.out
configure:3027: checking whether the C compiler works
configure:3037: ./a.out
configure:3041: $? = 0
configure:3058: result: yes
configure:3065: checking whether we are cross compiling
configure:3067: result: no
configure:3070: checking for suffix of executables
configure:3077: gcc -o conftest    conftest.c  >&5
configure:3081: $? = 0
configure:3105: result: 
configure:3111: checking for suffix of object files
configure:3137: gcc -c   conftest.c >&5
configure:3141: $? = 0
configure:3164: result: o
configure:3168: checking whether we are using the GNU C compiler
configure:3197: gcc -c   conftest.c >&5
configure:3204: $? = 0
configure:3221: result: yes
configure:3230: checking whether gcc accepts -g
configure:3260: gcc -c -g  conftest.c >&5
configure:3267: $? = 0
configure:3368: result: yes
configure:3385: checking for gcc option to accept ISO C89
configure:3459: gcc  -c -g -O2  conftest.c >&5
configure:3466: $? = 0
configure:3489: result: none needed
configure:3509: checking dependency style of gcc
configure:3599: result: gcc3
configure:3624: checking for special C compiler options needed for large files
configure:3719: result: no
configure:3725: checking for _FILE_OFFSET_BITS value needed for large files
configure:3760: gcc -c -g -O2  conftest.c >&5
configure:3767: $? = 0
configure:3836: result: no
configure:4023: checking for gcc
configure:4050: result: gcc
configure:4288: checking for C compiler version
configure:4296: gcc --version >&5
gcc (Ubuntu 9.4.0-1ubuntu1~20.04.1) 9.4.0
Copyright (C) 2019 Free Software Foundation, Inc.
This is free software; see the source for copying conditions.  There is NO
warranty; not even for MERCHANTABILITY or FITNESS FOR A PARTICULAR PURPOSE.

configure:4300: $? = 0
configure:4307: gcc -v >&5
Using built-in specs.
COLLECT_GCC=gcc
COLLECT_LTO_WRAPPER=/usr/lib/gcc/x86_64-linux-gnu/9/lto-wrapper
OFFLOAD_TARGET_NAMES=nvptx-none:hsa
OFFLOAD_TARGET_DEFAULT=1
Target: x86_64-linux-gnu
Configured with: ../src/configure -v --with-pkgversion='Ubuntu 9.4.0-1ubuntu1~20.04.1' --with-bugurl=file:///usr/share/doc/gcc-9/README.Bugs --enable-languages=c,ada,c++,go,brig,d,fortran,objc,obj-c++,gm2 --prefix=/usr --with-gcc-major-version-only --program-suffix=-9 --program-prefix=x86_64-linux-gnu- --enable-shared --enable-linker-build-id --libexecdir=/usr/lib --without-included-gettext --enable-threads=posix --libdir=/usr/lib --enable-nls --enable-clocale=gnu --enable-libstdcxx-debug --enable-libstdcxx-time=yes --with-default-libstdcxx-abi=new --enable-gnu-unique-object --disable-vtable-verify --enable-plugin --enable-default-pie --with-system-zlib --with-target-system-zlib=auto --enable-objc-gc=auto --enable-multiarch --disable-werror --with-arch-32=i686 --with-abi=m64 --with-multilib-list=m32,m64,mx32 --enable-multilib --with-tune=generic --enable-offload-targets=nvptx-none=/build/gcc-9-Av3uEd/gcc-9-9.4.0/debian/tmp-nvptx/usr,hsa --without-cuda-driver --enable-checking=release --build=x86_64-linux-gnu --host=x86_64-linux-gnu --target=x86_64-linux-gnu
Thread model: posix
gcc version 9.4.0 (Ubuntu 9.4.0-1ubuntu1~20.04.1) 
configure:4311: $? = 0
configure:4318: gcc -V >&5
gcc: error: unrecognized command line option '-V'
gcc: fatal error: no input files
compilation terminated.
configure:4322: $? = 1
configure:4325: checking whether we are using the GNU C compiler
configure:4378: result: yes
configure:4387: checking whether gcc accepts -g
configure:4525: result: yes
configure:4542: checking for gcc option to accept ISO C89
configure:4646: result: none needed
configure:4666: checking dependency style of gcc
configure:4756: result: gcc3
configure:4816: checking for ranlib
configure:4832: found /usr/bin/ranlib
configure:4843: result: ranlib
configure:4947: checking build system type
configure:4965: result: x86_64-unknown-linux-gnu
configure:4987: checking host system type
configure:5002: result: x86_64-unknown-linux-gnu
configure:5024: checking for a sed that does not truncate output
configure:5078: result: /usr/bin/sed
configure:5081: checking for grep that handles long lines and -e
configure:5141: result: /usr/bin/grep
configure:5146: checking for egrep
configure:5210: result: /usr/bin/grep -E
configure:5226: checking for ld used by gcc
configure:5293: result: /usr/bin/ld
configure:5302: checking if the linker (/usr/bin/ld) is GNU ld
configure:5317: result: yes
configure:5322: checking for /usr/bin/ld option to reload object files
configure:5329: result: -r
configure:5347: checking for BSD-compatible nm
configure:5396: result: /usr/bin/nm -B
configure:5400: checking whether ln -s works
configure:5404: result: yes
configure:5411: checking how to recognise dependent libraries
configure:5587: result: pass_all
configure:5674: gcc -c -g -O2  conftest.c >&5
configure:5677: $? = 0
configure:5824: checking how to run the C preprocessor
configure:5864: gcc -E  conftest.c
configure:5871: $? = 0
configure:5902: gcc -E  conftest.c
conftest.c:10:10: fatal error: ac_nonexistent.h: No such file or directory
   10 | #include <ac_nonexistent.h>
      |          ^~~~~~~~~~~~~~~~~~
compilation terminated.
configure:5909: $? = 1
configure: failed program was:
| /* confdefs.h.  */
| #define PACKAGE_NAME "sqlite"
| #define PACKAGE_TARNAME "sqlite"
| #define PACKAGE_VERSION "3.7.2"
| #define PACKAGE_STRING "sqlite 3.7.2"
| #define PACKAGE_BUGREPORT "http://www.sqlite.org"
| #define PACKAGE "sqlite"
| #define VERSION "3.7.2"
| /* end confdefs.h.  */
| #include <ac_nonexistent.h>
configure:5942: result: gcc -E
configure:5971: gcc -E  conftest.c
configure:5978: $? = 0
configure:6009: gcc -E  conftest.c
conftest.c:10:10: fatal error: ac_nonexistent.h: No such file or directory
   10 | #include <ac_nonexistent.h>
      |          ^~~~~~~~~~~~~~~~~~
compilation terminated.
configure:6016: $? = 1
configure: failed program was:
| /* confdefs.h.  */
| #define PACKAGE_NAME "sqlite"
| #define PACKAGE_TARNAME "sqlite"
| #define PACKAGE_VERSION "3.7.2"
| #define PACKAGE_STRING "sqlite 3.7.2"
| #define PACKAGE_BUGREPORT "http://www.sqlite.org"
| #define PACKAGE "sqlite"
| #define VERSION "3.7.2"
| /* end confdefs.h.  */
| #include <ac_nonexistent.h>
configure:6054: checking for ANSI C header files
configure:6084: gcc -c -g -O2  conftest.c >&5
configure:6091: $? = 0
configure:6190: gcc -o conftest -g -O2   conftest.c  >&5
configure:6194: $? = 0
configure:6200: ./conftest
configure:6204: $? = 0
configure:6222: result: yes
configure:6246: checking for sys/types.h
configure:6267: gcc -c -g -O2  conftest.c >&5
configure:6274: $? = 0
configure:6291: result: yes
configure:6246: checking for sys/stat.h
configure:6267: gcc -c -g -O2  conftest.c >&5
configure:6274: $? = 0
configure:6291: result: yes
configure:6246: checking for stdlib.h
configure:6267: gcc -c -g -O2  conftest.c >&5
configure:6274: $? = 0
configure:6291: result: yes
configure:6246: checking for string.h
configure:6267: gcc -c -g -O2  conftest.c >&5
configure:6274: $? = 0
configure:6291: result: yes
configure:6246: checking for memory.h
configure:6267: gcc -c -g -O2  conftest.c >&5
configure:6274: $? = 0
configure:6291: result: yes
configure:6246: checking for strings.h
configure:6267: gcc -c -g -O2  conftest.c >&5
configure:6274: $? = 0
configure:6291: result: yes
configure:6246: checking for inttypes.h
configure:6267: gcc -c -g -O2  conftest.c >&5
configure:6274: $? = 0
configure:6291: result: yes
configure:6246: checking for stdint.h
configure:6267: gcc -c -g -O2  conftest.c >&5
configure:6274: $? = 0
configure:6291: result: yes
configure:6246: checking for unistd.h
configure:6267: gcc -c -g -O2  conftest.c >&5
configure:6274: $? = 0
configure:6291: result: yes
configure:6320: checking dlfcn.h usability
configure:6337: gcc -c -g -O2  conftest.c >&5
configure:6344: $? = 0
configure:6358: result: yes
configure:6362: checking dlfcn.h presence
configure:6377: gcc -E  conftest.c
configure:6384: $? = 0
configure:6398: result: yes
configure:6431: checking for dlfcn.h
configure:6440: result: yes
configure:6512: checking for g++
configure:6528: found /usr/bin/g++
configure:6539: result: g++
configure:6570: checking for C++ compiler version
configure:6578: g++ --version >&5
g++ (Ubuntu 9.4.0-1ubuntu1~20.04.1) 9.4.0
Copyright (C) 2019 Free Software Foundation, Inc.
This is free software; see the source for copying conditions.  There is NO
warranty; not even for MERCHANTABILITY or FITNESS FOR A PARTICULAR PURPOSE.

configure:6582: $? = 0
configure:6589: g++ -v >&5
Using built-in specs.
COLLECT_GCC=g++
COLLECT_LTO_WRAPPER=/usr/lib/gcc/x86_64-linux-gnu/9/lto-wrapper
OFFLOAD_TARGET_NAMES=nvptx-none:hsa
OFFLOAD_TARGET_DEFAULT=1
Target: x86_64-linux-gnu
Configured with: ../src/configure -v --with-pkgversion='Ubuntu 9.4.0-1ubuntu1~20.04.1' --with-bugurl=file:///usr/share/doc/gcc-9/README.Bugs --enable-languages=c,ada,c++,go,brig,d,fortran,objc,obj-c++,gm2 --prefix=/usr --with-gcc-major-version-only --program-suffix=-9 --program-prefix=x86_64-linux-gnu- --enable-shared --enable-linker-build-id --libexecdir=/usr/lib --without-included-gettext --enable-threads=posix --libdir=/usr/lib --enable-nls --enable-clocale=gnu --enable-libstdcxx-debug --enable-libstdcxx-time=yes --with-default-libstdcxx-abi=new --enable-gnu-unique-object --disable-vtable-verify --enable-plugin --enable-default-pie --with-system-zlib --with-target-system-zlib=auto --enable-objc-gc=auto --enable-multiarch --disable-werror --with-arch-32=i686 --with-abi=m64 --with-multilib-list=m32,m64,mx32 --enable-multilib --with-tune=generic --enable-offload-targets=nvptx-none=/build/gcc-9-Av3uEd/gcc-9-9.4.0/debian/tmp-nvptx/usr,hsa --without-cuda-driver --enable-checking=release --build=x86_64-linux-gnu --host=x86_64-linux-gnu --target=x86_64-linux-gnu
Thread model: posix
gcc version 9.4.0 (Ubuntu 9.4.0-1ubuntu1~20.04.1) 
configure:6593: $? = 0
configure:6600: g++ -V >&5
g++: error: unrecognized command line option '-V'
g++: fatal error: no input files
compilation terminated.
configure:6604: $? = 1
configure:6607: checking whether we are using the GNU C++ compiler
configure:6636: g++ -c   conftest.cpp >&5
configure:6643: $? = 0
configure:6660: result: yes
configure:6669: checking whether g++ accepts -g
configure:6699: g++ -c -g  conftest.cpp >&5
configure:6706: $? = 0
configure:6807: result: yes
configure:6832: checking dependency style of g++
configure:6922: result: gcc3
configure:6949: checking how to run the C++ preprocessor
configure:6985: g++ -E  conftest.cpp
configure:6992: $? = 0
configure:7023: g++ -E  conftest.cpp
conftest.cpp:21:10: fatal error: ac_nonexistent.h: No such file or directory
   21 | #include <ac_nonexistent.h>
      |          ^~~~~~~~~~~~~~~~~~
compilation terminated.
configure:7030: $? = 1
configure: failed program was:
| /* confdefs.h.  */
| #define PACKAGE_NAME "sqlite"
| #define PACKAGE_TARNAME "sqlite"
| #define PACKAGE_VERSION "3.7.2"
| #define PACKAGE_STRING "sqlite 3.7.2"
| #define PACKAGE_BUGREPORT "http://www.sqlite.org"
| #define PACKAGE "sqlite"
| #define VERSION "3.7.2"
| #define STDC_HEADERS 1
| #define HAVE_SYS_TYPES_H 1
| #define HAVE_SYS_STAT_H 1
| #define HAVE_STDLIB_H 1
| #define HAVE_STRING_H 1
| #define HAVE_MEMORY_H 1
| #define HAVE_STRINGS_H 1
| #define HAVE_INTTYPES_H 1
| #define HAVE_STDINT_H 1
| #define HAVE_UNISTD_H 1
| #define HAVE_DLFCN_H 1
| /* end confdefs.h.  */
| #include <ac_nonexistent.h>
configure:7063: result: g++ -E
configure:7092: g++ -E  conftest.cpp
configure:7099: $? = 0
configure:7130: g++ -E  conftest.cpp
conftest.cpp:21:10: fatal error: ac_nonexistent.h: No such file or directory
   21 | #include <ac_nonexistent.h>
      |          ^~~~~~~~~~~~~~~~~~
compilation terminated.
configure:7137: $? = 1
configure: failed program was:
| /* confdefs.h.  */
| #define PACKAGE_NAME "sqlite"
| #define PACKAGE_TARNAME "sqlite"
| #define PACKAGE_VERSION "3.7.2"
| #define PACKAGE_STRING "sqlite 3.7.2"
| #define PACKAGE_BUGREPORT "http://www.sqlite.org"
| #define PACKAGE "sqlite"
| #define VERSION "3.7.2"
| #define STDC_HEADERS 1
| #define HAVE_SYS_TYPES_H 1
| #define HAVE_SYS_STAT_H 1
| #define HAVE_STDLIB_H 1
| #define HAVE_STRING_H 1
| #define HAVE_MEMORY_H 1
| #define HAVE_STRINGS_H 1
| #define HAVE_INTTYPES_H 1
| #define HAVE_STDINT_H 1
| #define HAVE_UNISTD_H 1
| #define HAVE_DLFCN_H 1
| /* end confdefs.h.  */
| #include <ac_nonexistent.h>
configure:7230: checking for g77
configure:7260: result: no
configure:7230: checking for xlf
configure:7260: result: no
configure:7230: checking for f77
configure:7260: result: no
configure:7230: checking for frt
configure:7260: result: no
configure:7230: checking for pgf77
configure:7260: result: no
configure:7230: checking for cf77
configure:7260: result: no
configure:7230: checking for fort77
configure:7260: result: no
configure:7230: checking for fl32
configure:7260: result: no
configure:7230: checking for af77
configure:7260: result: no
configure:7230: checking for xlf90
configure:7260: result: no
configure:7230: checking for f90
configure:7260: result: no
configure:7230: checking for pgf90
configure:7260: result: no
configure:7230: checking for pghpf
configure:7260: result: no
configure:7230: checking for epcf90
configure:7260: result: no
configure:7230: checking for gfortran
configure:7260: result: no
configure:7230: checking for g95
configure:7260: result: no
configure:7230: checking for xlf95
configure:7260: result: no
configure:7230: checking for f95
configure:7260: result: no
configure:7230: checking for fort
configure:7260: result: no
configure:7230: checking for ifort
configure:7260: result: no
configure:7230: checking for ifc
configure:7260: result: no
configure:7230: checking for efc
configure:7260: result: no
configure:7230: checking for pgf95
configure:7260: result: no
configure:7230: checking for lf95
configure:7260: result: no
configure:7230: checking for ftn
configure:7260: result: no
configure:7287: checking for Fortran 77 compiler version
configure:7295:  --version >&5
./configure: line 7297: --version: command not found
configure:7299: $? = 127
configure:7306:  -v >&5
./configure: line 7308: -v: command not found
configure:7310: $? = 127
configure:7317:  -V >&5
./configure: line 7319: -V: command not found
configure:7321: $? = 127
configure:7329: checking whether we are using the GNU Fortran 77 compiler
configure:7348:  -c  conftest.F >&5
./configure: line 7350: -c: command not found
configure:7355: $? = 127
configure: failed program was:
|       program main
| #ifndef __GNUC__
|        choke me
| #endif
| 
|       end
configure:7372: result: no
configure:7378: checking whether  accepts -g
configure:7395:  -c -g conftest.f >&5
./configure: line 7397: -c: command not found
configure:7402: $? = 127
configure: failed program was:
|       program main
| 
|       end
configure:7418: result: no
configure:7452: checking the maximum length of command line arguments
configure:7561: result: 32768
configure:7572: checking command to parse /usr/bin/nm -B output from gcc object
configure:7677: gcc -c -g -O2  conftest.c >&5
configure:7680: $? = 0
configure:7684: /usr/bin/nm -B conftest.o \| sed -n -e 's/^.*[ 	]\([ABCDGIRSTW][ABCDGIRSTW]*\)[ 	][ 	]*\([_A-Za-z][_A-Za-z0-9]*\)$/\1 \2 \2/p' \> conftest.nm
configure:7687: $? = 0
configure:7739: gcc -o conftest -g -O2   conftest.c conftstm.o >&5
configure:7742: $? = 0
configure:7780: result: ok
configure:7784: checking for objdir
configure:7799: result: .libs
configure:7891: checking for ar
configure:7907: found /usr/bin/ar
configure:7918: result: ar
configure:7987: checking for ranlib
configure:8014: result: ranlib
configure:8083: checking for strip
configure:8099: found /usr/bin/strip
configure:8110: result: strip
configure:8396: checking if gcc supports -fno-rtti -fno-exceptions
configure:8424: gcc -c -g -O2  -fno-rtti -fno-exceptions conftest.c >&5
cc1: warning: command line option '-fno-rtti' is valid for C++/D/ObjC++ but not for C
configure:8428: $? = 0
configure:8431: result: no
configure:8421: checking for gcc option to produce PIC
configure:8631: result: -fPIC
configure:8639: checking if gcc PIC flag -fPIC works
configure:8692: gcc -c -g -O2  -fPIC -DPIC conftest.c >&5
configure:8696: $? = 0
configure:8674: result: yes
configure:8673: checking if gcc static flag -static works
configure:8701: result: yes
configure:8711: checking if gcc supports -c -o file.o
configure:8796: gcc -c -g -O2  -o out/conftest2.o conftest.c >&5
configure:8800: $? = 0
configure:8734: result: yes
configure:8760: checking whether the gcc linker (/usr/bin/ld -m elf_x86_64) supports shared libraries
configure:9722: result: yes
configure:9743: checking whether -lc should be explicitly linked in
configure:9748: gcc -c -g -O2  conftest.c >&5
configure:9751: $? = 0
configure:9766: gcc -shared conftest.o  -v -Wl,-soname -Wl,conftest -o conftest 2\>\&1 \| grep  -lc  \>/dev/null 2\>\&1
configure:9769: $? = 0
configure:9781: result: no
configure:9789: checking dynamic linker characteristics
configure:10377: result: GNU/Linux ld.so
configure:10386: checking how to hardcode library paths into programs
configure:10411: result: immediate
configure:10425: checking whether stripping libraries is possible
configure:10430: result: yes
configure:11259: checking if libtool supports shared libraries
configure:11261: result: yes
configure:11264: checking whether to build shared libraries
configure:11285: result: yes
configure:11288: checking whether to build static libraries
configure:11292: result: yes
configure:11384: creating libtool
configure:11972: checking for ld used by g++
configure:12039: result: /usr/bin/ld -m elf_x86_64
configure:12048: checking if the linker (/usr/bin/ld -m elf_x86_64) is GNU ld
configure:12063: result: yes
configure:12114: checking whether the g++ linker (/usr/bin/ld -m elf_x86_64) supports shared libraries
configure:13056: result: yes
configure:13074: g++ -c -g -O2  conftest.cpp >&5
configure:13077: $? = 0
configure:13196: checking for g++ option to produce PIC
configure:13470: result: -fPIC
configure:13478: checking if g++ PIC flag -fPIC works
configure:13584: g++ -c -g -O2  -fPIC -DPIC conftest.cpp >&5
configure:13588: $? = 0
configure:13513: result: yes
configure:13541: checking if g++ static flag -static works
configure:13569: result: yes
configure:13579: checking if g++ supports -c -o file.o
configure:13688: g++ -c -g -O2  -o out/conftest2.o conftest.cpp >&5
configure:13692: $? = 0
configure:13626: result: yes
configure:13652: checking whether the g++ linker (/usr/bin/ld -m elf_x86_64) supports shared libraries
configure:13677: result: yes
configure:13744: checking dynamic linker characteristics
configure:14332: result: GNU/Linux ld.so
configure:14341: checking how to hardcode library paths into programs
configure:14366: result: immediate
configure:20532: checking for fdatasync
configure:20588: gcc -o conftest -g -O2   conftest.c  >&5
configure:20595: $? = 0
configure:20617: result: yes
configure:20532: checking for usleep
configure:20588: gcc -o conftest -g -O2   conftest.c  >&5
configure:20595: $? = 0
configure:20617: result: yes
configure:20532: checking for fullfsync
configure:20588: gcc -o conftest -g -O2   conftest.c  >&5
/usr/bin/ld: /tmp/cc9STzdn.o: in function `main':
/home/vito/NewApp/blog/sqlite-3.7.2/conftest.c:57: undefined reference to `fullfsync'
collect2: error: ld returned 1 exit status
configure:20595: $? = 1
configure: failed program was:
| /* confdefs.h.  */
| #define PACKAGE_NAME "sqlite"
| #define PACKAGE_TARNAME "sqlite"
| #define PACKAGE_VERSION "3.7.2"
| #define PACKAGE_STRING "sqlite 3.7.2"
| #define PACKAGE_BUGREPORT "http://www.sqlite.org"
| #define PACKAGE "sqlite"
| #define VERSION "3.7.2"
| #define STDC_HEADERS 1
| #define HAVE_SYS_TYPES_H 1
| #define HAVE_SYS_STAT_H 1
| #define HAVE_STDLIB_H 1
| #define HAVE_STRING_H 1
| #define HAVE_MEMORY_H 1
| #define HAVE_STRINGS_H 1
| #define HAVE_INTTYPES_H 1
| #define HAVE_STDINT_H 1
| #define HAVE_UNISTD_H 1
| #define HAVE_DLFCN_H 1
| #define HAVE_FDATASYNC 1
| #define HAVE_USLEEP 1
| /* end confdefs.h.  */
| /* Define fullfsync to an innocuous variant, in case <limits.h> declares fullfsync.
|    For example, HP-UX 11i <limits.h> declares gettimeofday.  */
| #define fullfsync innocuous_fullfsync
| 
| /* System header to define __stub macros and hopefully few prototypes,
|     which can conflict with char fullfsync (); below.
|     Prefer <limits.h> to <assert.h> if __STDC__ is defined, since
|     <limits.h> exists even on freestanding compilers.  */
| 
| #ifdef __STDC__
| # include <limits.h>
| #else
| # include <assert.h>
| #endif
| 
| #undef fullfsync
| 
| /* Override any GCC internal prototype to avoid an error.
|    Use char because int might match the return type of a GCC
|    builtin and then its argument prototype would still apply.  */
| #ifdef __cplusplus
| extern "C"
| #endif
| char fullfsync ();
| /* The GNU C library defines this for functions which it implements
|     to always fail with ENOSYS.  Some functions are actually named
|     something starting with __ and the normal name is an alias.  */
| #if defined __stub_fullfsync || defined __stub___fullfsync
| choke me
| #endif
| 
| int
| main ()
| {
| return fullfsync ();
|   ;
|   return 0;
| }
configure:20617: result: no
configure:20532: checking for localtime_r
configure:20588: gcc -o conftest -g -O2   conftest.c  >&5
configure:20595: $? = 0
configure:20617: result: yes
configure:20532: checking for gmtime_r
configure:20588: gcc -o conftest -g -O2   conftest.c  >&5
configure:20595: $? = 0
configure:20617: result: yes
configure:20646: checking for library containing tgetent
configure:20687: gcc -o conftest -g -O2   conftest.c  >&5
/usr/bin/ld: /tmp/ccymwBK7.o: in function `main':
/home/vito/NewApp/blog/sqlite-3.7.2/conftest.c:36: undefined reference to `tgetent'
collect2: error: ld returned 1 exit status
configure:20694: $? = 1
configure: failed program was:
| /* confdefs.h.  */
| #define PACKAGE_NAME "sqlite"
| #define PACKAGE_TARNAME "sqlite"
| #define PACKAGE_VERSION "3.7.2"
| #define PACKAGE_STRING "sqlite 3.7.2"
| #define PACKAGE_BUGREPORT "http://www.sqlite.org"
| #define PACKAGE "sqlite"
| #define VERSION "3.7.2"
| #define STDC_HEADERS 1
| #define HAVE_SYS_TYPES_H 1
| #define HAVE_SYS_STAT_H 1
| #define HAVE_STDLIB_H 1
| #define HAVE_STRING_H 1
| #define HAVE_MEMORY_H 1
| #define HAVE_STRINGS_H 1
| #define HAVE_INTTYPES_H 1
| #define HAVE_STDINT_H 1
| #define HAVE_UNISTD_H 1
| #define HAVE_DLFCN_H 1
| #define HAVE_FDATASYNC 1
| #define HAVE_USLEEP 1
| #define HAVE_LOCALTIME_R 1
| #define HAVE_GMTIME_R 1
| /* end confdefs.h.  */
| 
| /* Override any GCC internal prototype to avoid an error.
|    Use char because int might match the return type of a GCC
|    builtin and then its argument prototype would still apply.  */
| #ifdef __cplusplus
| extern "C"
| #endif
| char tgetent ();
| int
| main ()
| {
| return tgetent ();
|   ;
|   return 0;
| }
configure:20687: gcc -o conftest -g -O2   conftest.c -lcurses   >&5
configure:20694: $? = 0
configure:20725: result: -lcurses
configure:20733: checking for library containing readline
configure:20774: gcc -o conftest -g -O2   conftest.c -lcurses  >&5
/usr/bin/ld: /tmp/cclA8lpE.o: in function `main':
/home/vito/NewApp/blog/sqlite-3.7.2/conftest.c:36: undefined reference to `readline'
collect2: error: ld returned 1 exit status
configure:20781: $? = 1
configure: failed program was:
| /* confdefs.h.  */
| #define PACKAGE_NAME "sqlite"
| #define PACKAGE_TARNAME "sqlite"
| #define PACKAGE_VERSION "3.7.2"
| #define PACKAGE_STRING "sqlite 3.7.2"
| #define PACKAGE_BUGREPORT "http://www.sqlite.org"
| #define PACKAGE "sqlite"
| #define VERSION "3.7.2"
| #define STDC_HEADERS 1
| #define HAVE_SYS_TYPES_H 1
| #define HAVE_SYS_STAT_H 1
| #define HAVE_STDLIB_H 1
| #define HAVE_STRING_H 1
| #define HAVE_MEMORY_H 1
| #define HAVE_STRINGS_H 1
| #define HAVE_INTTYPES_H 1
| #define HAVE_STDINT_H 1
| #define HAVE_UNISTD_H 1
| #define HAVE_DLFCN_H 1
| #define HAVE_FDATASYNC 1
| #define HAVE_USLEEP 1
| #define HAVE_LOCALTIME_R 1
| #define HAVE_GMTIME_R 1
| /* end confdefs.h.  */
| 
| /* Override any GCC internal prototype to avoid an error.
|    Use char because int might match the return type of a GCC
|    builtin and then its argument prototype would still apply.  */
| #ifdef __cplusplus
| extern "C"
| #endif
| char readline ();
| int
| main ()
| {
| return readline ();
|   ;
|   return 0;
| }
configure:20774: gcc -o conftest -g -O2   conftest.c -lreadline  -lcurses  >&5
configure:20781: $? = 0
configure:20812: result: -lreadline
configure:20826: checking for readline
configure:20882: gcc -o conftest -g -O2   conftest.c -lreadline -lcurses  >&5
configure:20889: $? = 0
configure:20911: result: yes
configure:20941: checking for library containing pthread_create
configure:20982: gcc -o conftest -g -O2   conftest.c  >&5
/usr/bin/ld: /tmp/ccv7IRXe.o: in function `main':
/home/vito/NewApp/blog/sqlite-3.7.2/conftest.c:37: undefined reference to `pthread_create'
collect2: error: ld returned 1 exit status
configure:20989: $? = 1
configure: failed program was:
| /* confdefs.h.  */
| #define PACKAGE_NAME "sqlite"
| #define PACKAGE_TARNAME "sqlite"
| #define PACKAGE_VERSION "3.7.2"
| #define PACKAGE_STRING "sqlite 3.7.2"
| #define PACKAGE_BUGREPORT "http://www.sqlite.org"
| #define PACKAGE "sqlite"
| #define VERSION "3.7.2"
| #define STDC_HEADERS 1
| #define HAVE_SYS_TYPES_H 1
| #define HAVE_SYS_STAT_H 1
| #define HAVE_STDLIB_H 1
| #define HAVE_STRING_H 1
| #define HAVE_MEMORY_H 1
| #define HAVE_STRINGS_H 1
| #define HAVE_INTTYPES_H 1
| #define HAVE_STDINT_H 1
| #define HAVE_UNISTD_H 1
| #define HAVE_DLFCN_H 1
| #define HAVE_FDATASYNC 1
| #define HAVE_USLEEP 1
| #define HAVE_LOCALTIME_R 1
| #define HAVE_GMTIME_R 1
| #define HAVE_READLINE 1
| /* end confdefs.h.  */
| 
| /* Override any GCC internal prototype to avoid an error.
|    Use char because int might match the return type of a GCC
|    builtin and then its argument prototype would still apply.  */
| #ifdef __cplusplus
| extern "C"
| #endif
| char pthread_create ();
| int
| main ()
| {
| return pthread_create ();
|   ;
|   return 0;
| }
configure:20982: gcc -o conftest -g -O2   conftest.c -lpthread   >&5
configure:20989: $? = 0
configure:21020: result: -lpthread
configure:21043: checking for library containing dlopen
configure:21084: gcc -o conftest -g -O2   conftest.c -lpthread  >&5
/usr/bin/ld: /tmp/ccFzH1SL.o: in function `main':
/home/vito/NewApp/blog/sqlite-3.7.2/conftest.c:37: undefined reference to `dlopen'
collect2: error: ld returned 1 exit status
configure:21091: $? = 1
configure: failed program was:
| /* confdefs.h.  */
| #define PACKAGE_NAME "sqlite"
| #define PACKAGE_TARNAME "sqlite"
| #define PACKAGE_VERSION "3.7.2"
| #define PACKAGE_STRING "sqlite 3.7.2"
| #define PACKAGE_BUGREPORT "http://www.sqlite.org"
| #define PACKAGE "sqlite"
| #define VERSION "3.7.2"
| #define STDC_HEADERS 1
| #define HAVE_SYS_TYPES_H 1
| #define HAVE_SYS_STAT_H 1
| #define HAVE_STDLIB_H 1
| #define HAVE_STRING_H 1
| #define HAVE_MEMORY_H 1
| #define HAVE_STRINGS_H 1
| #define HAVE_INTTYPES_H 1
| #define HAVE_STDINT_H 1
| #define HAVE_UNISTD_H 1
| #define HAVE_DLFCN_H 1
| #define HAVE_FDATASYNC 1
| #define HAVE_USLEEP 1
| #define HAVE_LOCALTIME_R 1
| #define HAVE_GMTIME_R 1
| #define HAVE_READLINE 1
| /* end confdefs.h.  */
| 
| /* Override any GCC internal prototype to avoid an error.
|    Use char because int might match the return type of a GCC
|    builtin and then its argument prototype would still apply.  */
| #ifdef __cplusplus
| extern "C"
| #endif
| char dlopen ();
| int
| main ()
| {
| return dlopen ();
|   ;
|   return 0;
| }
configure:21084: gcc -o conftest -g -O2   conftest.c -ldl  -lpthread  >&5
configure:21091: $? = 0
configure:21122: result: -ldl
configure:21133: checking for whether to support dynamic extensions
configure:21135: result: yes
configure:21323: creating ./config.status

## ---------------------- ##
## Running config.status. ##
## ---------------------- ##

This file was extended by sqlite config.status 3.7.2, which was
generated by GNU Autoconf 2.62.  Invocation command line was

  CONFIG_FILES    = 
  CONFIG_HEADERS  = 
  CONFIG_LINKS    = 
  CONFIG_COMMANDS = 
  $ ./config.status 

on vito-IdeaPad-L340-15IRH-Gaming

config.status:712: creating Makefile
config.status:712: creating sqlite3.pc
config.status:917: executing depfiles commands

## ---------------- ##
## Cache variables. ##
## ---------------- ##

ac_cv_build=x86_64-unknown-linux-gnu
ac_cv_c_compiler_gnu=yes
ac_cv_cxx_compiler_gnu=yes
ac_cv_env_CCC_set=
ac_cv_env_CCC_value=
ac_cv_env_CC_set=
ac_cv_env_CC_value=
ac_cv_env_CFLAGS_set=
ac_cv_env_CFLAGS_value=
ac_cv_env_CPPFLAGS_set=
ac_cv_env_CPPFLAGS_value=
ac_cv_env_CPP_set=
ac_cv_env_CPP_value=
ac_cv_env_CXXCPP_set=
ac_cv_env_CXXCPP_value=
ac_cv_env_CXXFLAGS_set=
ac_cv_env_CXXFLAGS_value=
ac_cv_env_CXX_set=
ac_cv_env_CXX_value=
ac_cv_env_F77_set=
ac_cv_env_F77_value=
ac_cv_env_FFLAGS_set=
ac_cv_env_FFLAGS_value=
ac_cv_env_LDFLAGS_set=
ac_cv_env_LDFLAGS_value=
ac_cv_env_LIBS_set=
ac_cv_env_LIBS_value=
ac_cv_env_build_alias_set=
ac_cv_env_build_alias_value=
ac_cv_env_host_alias_set=
ac_cv_env_host_alias_value=
ac_cv_env_target_alias_set=
ac_cv_env_target_alias_value=
ac_cv_f77_compiler_gnu=no
ac_cv_func_fdatasync=yes
ac_cv_func_fullfsync=no
ac_cv_func_gmtime_r=yes
ac_cv_func_localtime_r=yes
ac_cv_func_readline=yes
ac_cv_func_usleep=yes
ac_cv_header_dlfcn_h=yes
ac_cv_header_inttypes_h=yes
ac_cv_header_memory_h=yes
ac_cv_header_stdc=yes
ac_cv_header_stdint_h=yes
ac_cv_header_stdlib_h=yes
ac_cv_header_string_h=yes
ac_cv_header_strings_h=yes
ac_cv_header_sys_stat_h=yes
ac_cv_header_sys_types_h=yes
ac_cv_header_unistd_h=yes
ac_cv_host=x86_64-unknown-linux-gnu
ac_cv_objext=o
ac_cv_path_EGREP='/usr/bin/grep -E'
ac_cv_path_GREP=/usr/bin/grep
ac_cv_path_install='/usr/bin/install -c'
ac_cv_prog_AWK=mawk
ac_cv_prog_CPP='gcc -E'
ac_cv_prog_CXXCPP='g++ -E'
ac_cv_prog_ac_ct_AR=ar
ac_cv_prog_ac_ct_CC=gcc
ac_cv_prog_ac_ct_CXX=g++
ac_cv_prog_ac_ct_RANLIB=ranlib
ac_cv_prog_ac_ct_STRIP=strip
ac_cv_prog_cc_c89=
ac_cv_prog_cc_g=yes
ac_cv_prog_cxx_g=yes
ac_cv_prog_f77_g=no
ac_cv_prog_make_make_set=yes
ac_cv_search_dlopen=-ldl
ac_cv_search_pthread_create=-lpthread
ac_cv_search_readline=-lreadline
ac_cv_search_tgetent=-lcurses
ac_cv_sys_file_offset_bits=no
ac_cv_sys_largefile_CC=no
am_cv_CC_dependencies_compiler_type=gcc3
am_cv_CXX_dependencies_compiler_type=gcc3
lt_cv_deplibs_check_method=pass_all
lt_cv_file_magic_cmd='$MAGIC_CMD'
lt_cv_file_magic_test_file=
lt_cv_ld_reload_flag=-r
lt_cv_objdir=.libs
lt_cv_path_LD=/usr/bin/ld
lt_cv_path_LDCXX='/usr/bin/ld -m elf_x86_64'
lt_cv_path_NM='/usr/bin/nm -B'
lt_cv_path_SED=/usr/bin/sed
lt_cv_prog_compiler_c_o=yes
lt_cv_prog_compiler_c_o_CXX=yes
lt_cv_prog_compiler_rtti_exceptions=no
lt_cv_prog_gnu_ld=yes
lt_cv_prog_gnu_ldcxx=yes
lt_cv_sys_global_symbol_pipe='sed -n -e '\''s/^.*[ 	]\([ABCDGIRSTW][ABCDGIRSTW]*\)[ 	][ 	]*\([_A-Za-z][_A-Za-z0-9]*\)$/\1 \2 \2/p'\'''
lt_cv_sys_global_symbol_to_c_name_address='sed -n -e '\''s/^: \([^ ]*\) $/  {\"\1\", (lt_ptr) 0},/p'\'' -e '\''s/^[BCDEGRST] \([^ ]*\) \([^ ]*\)$/  {"\2", (lt_ptr) \&\2},/p'\'''
lt_cv_sys_global_symbol_to_cdecl='sed -n -e '\''s/^. .* \(.*\)$/extern int \1;/p'\'''
lt_cv_sys_max_cmd_len=32768
lt_lt_cv_prog_compiler_c_o='"yes"'
lt_lt_cv_prog_compiler_c_o_CXX='"yes"'
lt_lt_cv_sys_global_symbol_pipe='"sed -n -e '\''s/^.*[ 	]\\([ABCDGIRSTW][ABCDGIRSTW]*\\)[ 	][ 	]*\\([_A-Za-z][_A-Za-z0-9]*\\)\$/\\1 \\2 \\2/p'\''"'
lt_lt_cv_sys_global_symbol_to_c_name_address='"sed -n -e '\''s/^: \\([^ ]*\\) \$/  {\\\"\\1\\\", (lt_ptr) 0},/p'\'' -e '\''s/^[BCDEGRST] \\([^ ]*\\) \\([^ ]*\\)\$/  {\"\\2\", (lt_ptr) \\&\\2},/p'\''"'
lt_lt_cv_sys_global_symbol_to_cdecl='"sed -n -e '\''s/^. .* \\(.*\\)\$/extern int \\1;/p'\''"'

## ----------------- ##
## Output variables. ##
## ----------------- ##

ACLOCAL='${SHELL} /home/vito/NewApp/blog/sqlite-3.7.2/missing --run aclocal-1.9'
AMDEPBACKSLASH='\'
AMDEP_FALSE='#'
AMDEP_TRUE=''
AMTAR='${SHELL} /home/vito/NewApp/blog/sqlite-3.7.2/missing --run tar'
AR='ar'
AUTOCONF='${SHELL} /home/vito/NewApp/blog/sqlite-3.7.2/missing --run autoconf'
AUTOHEADER='${SHELL} /home/vito/NewApp/blog/sqlite-3.7.2/missing --run autoheader'
AUTOMAKE='${SHELL} /home/vito/NewApp/blog/sqlite-3.7.2/missing --run automake-1.9'
AWK='mawk'
BUILD_CFLAGS=''
CC='gcc'
CCDEPMODE='depmode=gcc3'
CFLAGS='-g -O2'
CPP='gcc -E'
CPPFLAGS=''
CXX='g++'
CXXCPP='g++ -E'
CXXDEPMODE='depmode=gcc3'
CXXFLAGS='-g -O2'
CYGPATH_W='echo'
DEFS='-DPACKAGE_NAME=\"sqlite\" -DPACKAGE_TARNAME=\"sqlite\" -DPACKAGE_VERSION=\"3.7.2\" -DPACKAGE_STRING=\"sqlite\ 3.7.2\" -DPACKAGE_BUGREPORT=\"http://www.sqlite.org\" -DPACKAGE=\"sqlite\" -DVERSION=\"3.7.2\" -DSTDC_HEADERS=1 -DHAVE_SYS_TYPES_H=1 -DHAVE_SYS_STAT_H=1 -DHAVE_STDLIB_H=1 -DHAVE_STRING_H=1 -DHAVE_MEMORY_H=1 -DHAVE_STRINGS_H=1 -DHAVE_INTTYPES_H=1 -DHAVE_STDINT_H=1 -DHAVE_UNISTD_H=1 -DHAVE_DLFCN_H=1 -DHAVE_FDATASYNC=1 -DHAVE_USLEEP=1 -DHAVE_LOCALTIME_R=1 -DHAVE_GMTIME_R=1 -DHAVE_READLINE=1'
DEPDIR='.deps'
DYNAMIC_EXTENSION_FLAGS=''
ECHO='echo'
ECHO_C=''
ECHO_N='-n'
ECHO_T=''
EGREP='/usr/bin/grep -E'
EXEEXT=''
F77=''
FFLAGS=''
GREP='/usr/bin/grep'
INSTALL_DATA='${INSTALL} -m 644'
INSTALL_PROGRAM='${INSTALL}'
INSTALL_SCRIPT='${INSTALL}'
INSTALL_STRIP_PROGRAM='${SHELL} $(install_sh) -c -s'
LDFLAGS=''
LIBOBJS=''
LIBS='-ldl -lpthread '
LIBTOOL='$(SHELL) $(top_builddir)/libtool'
LN_S='ln -s'
LTLIBOBJS=''
MAKEINFO='${SHELL} /home/vito/NewApp/blog/sqlite-3.7.2/missing --run makeinfo'
OBJEXT='o'
PACKAGE='sqlite'
PACKAGE_BUGREPORT='http://www.sqlite.org'
PACKAGE_NAME='sqlite'
PACKAGE_STRING='sqlite 3.7.2'
PACKAGE_TARNAME='sqlite'
PACKAGE_VERSION='3.7.2'
PATH_SEPARATOR=':'
RANLIB='ranlib'
READLINE_LIBS='-lreadline -lcurses '
SET_MAKE=''
SHELL='/bin/bash'
STRIP='strip'
THREADSAFE_FLAGS='-DSQLITE_THREADSAFE=1'
VERSION='3.7.2'
ac_ct_CC='gcc'
ac_ct_CXX='g++'
ac_ct_F77=''
am__fastdepCC_FALSE='#'
am__fastdepCC_TRUE=''
am__fastdepCXX_FALSE='#'
am__fastdepCXX_TRUE=''
am__include='include'
am__leading_dot='.'
am__quote=''
am__tar='${AMTAR} chof - "$$tardir"'
am__untar='${AMTAR} xf -'
bindir='${exec_prefix}/bin'
build='x86_64-unknown-linux-gnu'
build_alias=''
build_cpu='x86_64'
build_os='linux-gnu'
build_vendor='unknown'
datadir='${datarootdir}'
datarootdir='${prefix}/share'
docdir='${datarootdir}/doc/${PACKAGE_TARNAME}'
dvidir='${docdir}'
exec_prefix='${prefix}'
host='x86_64-unknown-linux-gnu'
host_alias=''
host_cpu='x86_64'
host_os='linux-gnu'
host_vendor='unknown'
htmldir='${docdir}'
includedir='${prefix}/include'
infodir='${datarootdir}/info'
install_sh='/home/vito/NewApp/blog/sqlite-3.7.2/install-sh'
libdir='${exec_prefix}/lib'
libexecdir='${exec_prefix}/libexec'
localedir='${datarootdir}/locale'
localstatedir='${prefix}/var'
mandir='${datarootdir}/man'
mkdir_p='mkdir -p --'
oldincludedir='/usr/include'
pdfdir='${docdir}'
prefix='/usr/local'
program_transform_name='s,x,x,'
psdir='${docdir}'
sbindir='${exec_prefix}/sbin'
sharedstatedir='${prefix}/com'
sysconfdir='${prefix}/etc'
target_alias=''

## ----------- ##
## confdefs.h. ##
## ----------- ##

#define PACKAGE_NAME "sqlite"
#define PACKAGE_TARNAME "sqlite"
#define PACKAGE_VERSION "3.7.2"
#define PACKAGE_STRING "sqlite 3.7.2"
#define PACKAGE_BUGREPORT "http://www.sqlite.org"
#define PACKAGE "sqlite"
#define VERSION "3.7.2"
#define STDC_HEADERS 1
#define HAVE_SYS_TYPES_H 1
#define HAVE_SYS_STAT_H 1
#define HAVE_STDLIB_H 1
#define HAVE_STRING_H 1
#define HAVE_MEMORY_H 1
#define HAVE_STRINGS_H 1
#define HAVE_INTTYPES_H 1
#define HAVE_STDINT_H 1
#define HAVE_UNISTD_H 1
#define HAVE_DLFCN_H 1
#define HAVE_FDATASYNC 1
#define HAVE_USLEEP 1
#define HAVE_LOCALTIME_R 1
#define HAVE_GMTIME_R 1
#define HAVE_READLINE 1

configure: exit 0
